<?xml version="1.0" encoding="UTF-8"?>
<testng-results skipped="0" failed="0" ignored="0" total="1" passed="1">
  <reporter-output>
  </reporter-output>
  <suite name="Regression Suit" duration-ms="34" started-at="2019-12-03T09:40:54Z" finished-at="2019-12-03T09:40:54Z">
    <groups>
    </groups>
    <test name="Login test_CH" duration-ms="34" started-at="2019-12-03T09:40:54Z" finished-at="2019-12-03T09:40:54Z">
      <class name="testBKP.com.test.TestNGTest">
        <test-method status="PASS" signature="test()[pri:0, instance:testBKP.com.test.TestNGTest@29444d75]" name="test" duration-ms="8" started-at="2019-12-03T15:10:54Z" finished-at="2019-12-03T15:10:54Z">
          <reporter-output>
          </reporter-output>
        </test-method> <!-- test -->
      </class> <!-- testBKP.com.test.TestNGTest -->
    </test> <!-- Login test_CH -->
  </suite> <!-- Regression Suit -->
</testng-results>
